app/build/intermediates/manifest_merge_blame_file/debug/manifest-merger-blame-debug-report.txt
1<?xml version="1.0" encoding="utf-8"?>
2<manifest xmlns:android="http://schemas.android.com/apk/res/android"
3    package="com.english.myapp"
4    android:versionCode="1"
5    android:versionName="1.0" >
6
7    <uses-sdk
8        android:minSdkVersion="23"
8-->src/main/AndroidManifest.xml
9        android:targetSdkVersion="30" />
9-->src/main/AndroidManifest.xml
10
11    <uses-permission android:name="android.permission.READ_EXTERNAL_STORAGE" />
11-->src/main/AndroidManifest.xml:5:5-80
11-->src/main/AndroidManifest.xml:5:22-77
12    <uses-permission android:name="android.permission.INTERNET" />
12-->src/main/AndroidManifest.xml:6:5-67
12-->src/main/AndroidManifest.xml:6:22-64
13    <!-- Although the *SdkVersion is captured in gradle build files, this is required for non gradle builds -->
14    <!-- <uses-sdk android:minSdkVersion="14"/> -->
15    <uses-permission android:name="android.permission.ACCESS_NETWORK_STATE" />
15-->[com.google.firebase:firebase-storage:19.2.0] AndroidManifest.xml:26:5-79
15-->[com.google.firebase:firebase-storage:19.2.0] AndroidManifest.xml:26:22-76
16
17    <application
17-->src/main/AndroidManifest.xml:8:5-44:19
18        android:allowBackup="true"
18-->src/main/AndroidManifest.xml:9:9-35
19        android:appComponentFactory="androidx.core.app.CoreComponentFactory"
19-->[androidx.core:core:1.3.1] AndroidManifest.xml:24:18-86
20        android:debuggable="true"
21        android:extractNativeLibs="false"
22        android:icon="@mipmap/ic_launcher"
22-->src/main/AndroidManifest.xml:10:9-43
23        android:label="@string/app_name"
23-->src/main/AndroidManifest.xml:11:9-41
24        android:roundIcon="@mipmap/ic_launcher_round"
24-->src/main/AndroidManifest.xml:12:9-54
25        android:supportsRtl="true"
25-->src/main/AndroidManifest.xml:13:9-35
26        android:testOnly="true"
27        android:theme="@style/AppTheme" >
27-->src/main/AndroidManifest.xml:14:9-40
28        <activity android:name="com.english.myapp.Lesson1" >
28-->src/main/AndroidManifest.xml:16:9-21:20
28-->src/main/AndroidManifest.xml:16:19-42
29            <intent-filter>
29-->src/main/AndroidManifest.xml:17:13-20:29
30                <action android:name="android.intent.action.MAIN" />
30-->src/main/AndroidManifest.xml:18:17-68
30-->src/main/AndroidManifest.xml:18:25-66
31
32                <category android:name="android.intent.category.LAUNCHER" />
32-->src/main/AndroidManifest.xml:19:17-76
32-->src/main/AndroidManifest.xml:19:27-74
33            </intent-filter>
34        </activity>
35        <activity android:name="com.english.myapp.profile.Profile" />
35-->src/main/AndroidManifest.xml:23:9-53
35-->src/main/AndroidManifest.xml:23:19-50
36        <activity android:name="com.english.myapp.PrologueTest1" />
36-->src/main/AndroidManifest.xml:24:9-51
36-->src/main/AndroidManifest.xml:24:19-48
37        <activity android:name="com.english.myapp.LessonsMenu" />
37-->src/main/AndroidManifest.xml:25:9-49
37-->src/main/AndroidManifest.xml:25:19-46
38        <activity android:name="com.english.myapp.MainActivity" />
38-->src/main/AndroidManifest.xml:26:9-50
38-->src/main/AndroidManifest.xml:26:19-47
39        <activity android:name="com.english.myapp.Lesson1DetailActivity" />
39-->src/main/AndroidManifest.xml:27:9-59
39-->src/main/AndroidManifest.xml:27:19-56
40        <activity android:name="com.english.myapp.StudyMenu" />
40-->src/main/AndroidManifest.xml:28:9-47
40-->src/main/AndroidManifest.xml:28:19-44
41        <activity android:name="com.english.myapp.register.LoginActivity" />
41-->src/main/AndroidManifest.xml:29:9-60
41-->src/main/AndroidManifest.xml:29:19-57
42        <activity android:name="com.english.myapp.register.RegisterActivity" />
42-->src/main/AndroidManifest.xml:30:9-62
42-->src/main/AndroidManifest.xml:30:19-60
43        <activity
43-->src/main/AndroidManifest.xml:31:9-34:20
44            android:name="com.english.myapp.register.MainActivityRegister"
44-->src/main/AndroidManifest.xml:32:13-58
45            android:screenOrientation="portrait" >
45-->src/main/AndroidManifest.xml:33:13-49
46        </activity>
47        <activity
47-->src/main/AndroidManifest.xml:35:9-37:51
48            android:name="com.english.myapp.GameLevels"
48-->src/main/AndroidManifest.xml:36:13-39
49            android:screenOrientation="portrait" />
49-->src/main/AndroidManifest.xml:37:13-49
50        <activity
50-->src/main/AndroidManifest.xml:38:9-40:51
51            android:name="com.english.myapp.Level1"
51-->src/main/AndroidManifest.xml:39:13-35
52            android:screenOrientation="portrait" />
52-->src/main/AndroidManifest.xml:40:13-49
53        <activity
53-->src/main/AndroidManifest.xml:41:9-43:51
54            android:name="com.english.myapp.ActivityLevel2"
54-->src/main/AndroidManifest.xml:42:10-40
55            android:screenOrientation="portrait" />
55-->src/main/AndroidManifest.xml:43:13-49
56
57        <service
57-->[com.google.firebase:firebase-storage:19.2.0] AndroidManifest.xml:30:9-36:19
58            android:name="com.google.firebase.components.ComponentDiscoveryService"
58-->[com.google.firebase:firebase-storage:19.2.0] AndroidManifest.xml:31:13-84
59            android:directBootAware="true"
59-->[com.google.firebase:firebase-common:19.3.1] AndroidManifest.xml:35:13-43
60            android:exported="false" >
60-->[com.google.firebase:firebase-storage:19.2.0] AndroidManifest.xml:32:13-37
61            <meta-data
61-->[com.google.firebase:firebase-storage:19.2.0] AndroidManifest.xml:33:13-35:85
62                android:name="com.google.firebase.components:com.google.firebase.storage.StorageRegistrar"
62-->[com.google.firebase:firebase-storage:19.2.0] AndroidManifest.xml:34:17-107
63                android:value="com.google.firebase.components.ComponentRegistrar" />
63-->[com.google.firebase:firebase-storage:19.2.0] AndroidManifest.xml:35:17-82
64            <meta-data
64-->[com.google.firebase:firebase-auth:19.3.2] AndroidManifest.xml:36:13-38:85
65                android:name="com.google.firebase.components:com.google.firebase.auth.FirebaseAuthRegistrar"
65-->[com.google.firebase:firebase-auth:19.3.2] AndroidManifest.xml:37:17-109
66                android:value="com.google.firebase.components.ComponentRegistrar" />
66-->[com.google.firebase:firebase-auth:19.3.2] AndroidManifest.xml:38:17-82
67        </service>
68
69        <activity
69-->[com.google.firebase:firebase-auth:19.3.2] AndroidManifest.xml:24:9-31:50
70            android:name="com.google.firebase.auth.internal.FederatedSignInActivity"
70-->[com.google.firebase:firebase-auth:19.3.2] AndroidManifest.xml:25:13-85
71            android:excludeFromRecents="true"
71-->[com.google.firebase:firebase-auth:19.3.2] AndroidManifest.xml:26:13-46
72            android:exported="true"
72-->[com.google.firebase:firebase-auth:19.3.2] AndroidManifest.xml:27:13-36
73            android:launchMode="singleTask"
73-->[com.google.firebase:firebase-auth:19.3.2] AndroidManifest.xml:28:13-44
74            android:permission="com.google.firebase.auth.api.gms.permission.LAUNCH_FEDERATED_SIGN_IN"
74-->[com.google.firebase:firebase-auth:19.3.2] AndroidManifest.xml:29:13-102
75            android:theme="@android:style/Theme.Translucent.NoTitleBar" />
75-->[com.google.firebase:firebase-auth:19.3.2] AndroidManifest.xml:30:13-72
76        <activity
76-->[com.google.android.gms:play-services-base:17.1.0] AndroidManifest.xml:23:9-26:75
77            android:name="com.google.android.gms.common.api.GoogleApiActivity"
77-->[com.google.android.gms:play-services-base:17.1.0] AndroidManifest.xml:24:13-79
78            android:exported="false"
78-->[com.google.android.gms:play-services-base:17.1.0] AndroidManifest.xml:25:13-37
79            android:theme="@android:style/Theme.Translucent.NoTitleBar" />
79-->[com.google.android.gms:play-services-base:17.1.0] AndroidManifest.xml:26:13-72
80
81        <provider
81-->[com.google.firebase:firebase-common:19.3.1] AndroidManifest.xml:26:9-31:39
82            android:name="com.google.firebase.provider.FirebaseInitProvider"
82-->[com.google.firebase:firebase-common:19.3.1] AndroidManifest.xml:27:13-77
83            android:authorities="com.english.myapp.firebaseinitprovider"
83-->[com.google.firebase:firebase-common:19.3.1] AndroidManifest.xml:28:13-72
84            android:directBootAware="true"
84-->[com.google.firebase:firebase-common:19.3.1] AndroidManifest.xml:29:13-43
85            android:exported="false"
85-->[com.google.firebase:firebase-common:19.3.1] AndroidManifest.xml:30:13-37
86            android:initOrder="100" />
86-->[com.google.firebase:firebase-common:19.3.1] AndroidManifest.xml:31:13-36
87
88        <meta-data
88-->[com.google.android.gms:play-services-basement:17.0.0] AndroidManifest.xml:23:9-25:69
89            android:name="com.google.android.gms.version"
89-->[com.google.android.gms:play-services-basement:17.0.0] AndroidManifest.xml:24:13-58
90            android:value="@integer/google_play_services_version" />
90-->[com.google.android.gms:play-services-basement:17.0.0] AndroidManifest.xml:25:13-66
91    </application>
92
93</manifest>